<?xml version="1.0" encoding="UTF-8"?>
<testsuite xmlns:xsi="http://www.w3.org/2001/XMLSchema-instance" xsi:noNamespaceSchemaLocation="https://maven.apache.org/surefire/maven-surefire-plugin/xsd/surefire-test-report.xsd" name="ut.com.veniture.plugins.tutorial.MyComponentUnitTest" time="0.078" tests="1" errors="0" skipped="0" failures="0">
  <properties>
    <property name="sun.desktop" value="windows"/>
    <property name="awt.toolkit" value="sun.awt.windows.WToolkit"/>
    <property name="java.specification.version" value="11"/>
    <property name="sun.cpu.isalist" value="amd64"/>
    <property name="sun.jnu.encoding" value="Cp1252"/>
    <property name="java.class.path" value="C:\Users\BerkOffline\IdeaProjects\refapp\intern\target\test-classes;C:\Users\BerkOffline\IdeaProjects\refapp\intern\target\classes;C:\Users\BerkOffline\.m2\repository\junit\junit\4.12\junit-4.12.jar;C:\Users\BerkOffline\.m2\repository\org\hamcrest\hamcrest-core\1.3\hamcrest-core-1.3.jar;C:\Users\BerkOffline\.m2\repository\javax\servlet\javax.servlet-api\3.1.0\javax.servlet-api-3.1.0.jar;C:\Users\BerkOffline\.m2\repository\com\atlassian\sal\sal-api\4.0.0\sal-api-4.0.0.jar;C:\Users\BerkOffline\.m2\repository\com\atlassian\plugin\atlassian-spring-scanner-annotation\1.2.13\atlassian-spring-scanner-annotation-1.2.13.jar;C:\Users\BerkOffline\.m2\repository\com\atlassian\plugin\atlassian-spring-scanner-runtime\1.2.13\atlassian-spring-scanner-runtime-1.2.13.jar;C:\Users\BerkOffline\.m2\repository\javax\inject\javax.inject\1\javax.inject-1.jar;C:\Users\BerkOffline\.m2\repository\org\slf4j\slf4j-simple\1.7.25\slf4j-simple-1.7.25.jar;C:\Users\BerkOffline\.m2\repository\org\slf4j\slf4j-api\1.7.25\slf4j-api-1.7.25.jar;C:\Users\BerkOffline\.m2\repository\com\atlassian\plugins\atlassian-plugins-osgi-testrunner\2.0.1\atlassian-plugins-osgi-testrunner-2.0.1.jar;C:\Users\BerkOffline\.m2\repository\commons-io\commons-io\2.6\commons-io-2.6.jar;C:\Users\BerkOffline\.m2\repository\com\atlassian\upm\upm-api\2.15\upm-api-2.15.jar;C:\Users\BerkOffline\.m2\repository\javax\ws\rs\jsr311-api\1.1.1\jsr311-api-1.1.1.jar;C:\Users\BerkOffline\.m2\repository\com\google\code\gson\gson\2.2.2-atlassian-1\gson-2.2.2-atlassian-1.jar;C:\Users\BerkOffline\.m2\repository\javax\servlet\servlet-api\2.4\servlet-api-2.4.jar;C:\Users\BerkOffline\.m2\repository\javax\xml\bind\jaxb-api\2.3.1\jaxb-api-2.3.1.jar;C:\Users\BerkOffline\.m2\repository\javax\activation\javax.activation-api\1.2.0\javax.activation-api-1.2.0.jar;C:\Users\BerkOffline\.m2\repository\com\atlassian\plugins\rest\atlassian-rest-common\1.0.2\atlassian-rest-common-1.0.2.jar;C:\Users\BerkOffline\.m2\repository\com\sun\jersey\jersey-core\1.19.4\jersey-core-1.19.4.jar;C:\Users\BerkOffline\.m2\repository\com\sun\jersey\jersey-server\1.19.4\jersey-server-1.19.4.jar;C:\Users\BerkOffline\.m2\repository\org\ow2\asm\asm\5.0.3\asm-5.0.3.jar;C:\Users\BerkOffline\.m2\repository\com\sun\jersey\jersey-servlet\1.19.4\jersey-servlet-1.19.4.jar;C:\Users\BerkOffline\.m2\repository\com\sun\jersey\jersey-client\1.19.4\jersey-client-1.19.4.jar;C:\Users\BerkOffline\.m2\repository\com\sun\jersey\jersey-json\1.19.4\jersey-json-1.19.4.jar;C:\Users\BerkOffline\.m2\repository\org\codehaus\jettison\jettison\1.1\jettison-1.1.jar;C:\Users\BerkOffline\.m2\repository\org\codehaus\jackson\jackson-core-asl\1.9.13-atlassian-3\jackson-core-asl-1.9.13-atlassian-3.jar;C:\Users\BerkOffline\.m2\repository\org\codehaus\jackson\jackson-mapper-asl\1.9.13-atlassian-3\jackson-mapper-asl-1.9.13-atlassian-3.jar;C:\Users\BerkOffline\.m2\repository\org\codehaus\jackson\jackson-jaxrs\1.9.13-atlassian-3\jackson-jaxrs-1.9.13-atlassian-3.jar;C:\Users\BerkOffline\.m2\repository\org\codehaus\jackson\jackson-xc\1.9.13-atlassian-3\jackson-xc-1.9.13-atlassian-3.jar;C:\Users\BerkOffline\.m2\repository\commons-fileupload\commons-fileupload\1.3.3\commons-fileupload-1.3.3.jar;C:\Users\BerkOffline\.m2\repository\net\sourceforge\findbugs\jsr305\1.3.2\jsr305-1.3.2.jar;C:\Users\BerkOffline\.m2\repository\org\apache\wink\wink-client\1.4\wink-client-1.4.jar;C:\Users\BerkOffline\.m2\repository\org\apache\wink\wink-common\1.4\wink-common-1.4.jar;C:\Users\BerkOffline\.m2\repository\org\apache\geronimo\specs\geronimo-jaxrs_1.1_spec\1.0\geronimo-jaxrs_1.1_spec-1.0.jar;C:\Users\BerkOffline\.m2\repository\org\apache\geronimo\specs\geronimo-annotation_1.1_spec\1.0\geronimo-annotation_1.1_spec-1.0.jar;C:\Users\BerkOffline\.m2\repository\com\sun\xml\bind\jaxb-impl\2.2.1.1\jaxb-impl-2.2.1.1.jar;C:\Users\BerkOffline\.m2\repository\javax\activation\activation\1.1\activation-1.1.jar;C:\Users\BerkOffline\.m2\repository\org\mockito\mockito-all\1.8.5\mockito-all-1.8.5.jar;"/>
    <property name="java.vm.vendor" value="AdoptOpenJDK"/>
    <property name="sun.arch.data.model" value="64"/>
    <property name="user.variant" value=""/>
    <property name="java.vendor.url" value="https://adoptopenjdk.net/"/>
    <property name="user.timezone" value="Asia/Istanbul"/>
    <property name="java.vm.specification.version" value="11"/>
    <property name="os.name" value="Windows 10"/>
    <property name="sun.java.launcher" value="SUN_STANDARD"/>
    <property name="user.country" value="US"/>
    <property name="sun.boot.library.path" value="C:\Program Files\AdoptOpenJDK\jdk-11.0.7.10-hotspot\bin"/>
    <property name="sun.java.command" value="C:\Users\BERKOF~1\AppData\Local\Temp\surefire13382950214356471837\surefirebooter539121243480403529.jar C:\Users\BerkOffline\AppData\Local\Temp\surefire13382950214356471837 2020-10-10T21-59-45_766-jvmRun1 surefire10061853771888211440tmp surefire_010622811260006855449tmp"/>
    <property name="jdk.debug" value="release"/>
    <property name="surefire.test.class.path" value="C:\Users\BerkOffline\IdeaProjects\refapp\intern\target\test-classes;C:\Users\BerkOffline\IdeaProjects\refapp\intern\target\classes;C:\Users\BerkOffline\.m2\repository\junit\junit\4.12\junit-4.12.jar;C:\Users\BerkOffline\.m2\repository\org\hamcrest\hamcrest-core\1.3\hamcrest-core-1.3.jar;C:\Users\BerkOffline\.m2\repository\javax\servlet\javax.servlet-api\3.1.0\javax.servlet-api-3.1.0.jar;C:\Users\BerkOffline\.m2\repository\com\atlassian\sal\sal-api\4.0.0\sal-api-4.0.0.jar;C:\Users\BerkOffline\.m2\repository\com\atlassian\plugin\atlassian-spring-scanner-annotation\1.2.13\atlassian-spring-scanner-annotation-1.2.13.jar;C:\Users\BerkOffline\.m2\repository\com\atlassian\plugin\atlassian-spring-scanner-runtime\1.2.13\atlassian-spring-scanner-runtime-1.2.13.jar;C:\Users\BerkOffline\.m2\repository\javax\inject\javax.inject\1\javax.inject-1.jar;C:\Users\BerkOffline\.m2\repository\org\slf4j\slf4j-simple\1.7.25\slf4j-simple-1.7.25.jar;C:\Users\BerkOffline\.m2\repository\org\slf4j\slf4j-api\1.7.25\slf4j-api-1.7.25.jar;C:\Users\BerkOffline\.m2\repository\com\atlassian\plugins\atlassian-plugins-osgi-testrunner\2.0.1\atlassian-plugins-osgi-testrunner-2.0.1.jar;C:\Users\BerkOffline\.m2\repository\commons-io\commons-io\2.6\commons-io-2.6.jar;C:\Users\BerkOffline\.m2\repository\com\atlassian\upm\upm-api\2.15\upm-api-2.15.jar;C:\Users\BerkOffline\.m2\repository\javax\ws\rs\jsr311-api\1.1.1\jsr311-api-1.1.1.jar;C:\Users\BerkOffline\.m2\repository\com\google\code\gson\gson\2.2.2-atlassian-1\gson-2.2.2-atlassian-1.jar;C:\Users\BerkOffline\.m2\repository\javax\servlet\servlet-api\2.4\servlet-api-2.4.jar;C:\Users\BerkOffline\.m2\repository\javax\xml\bind\jaxb-api\2.3.1\jaxb-api-2.3.1.jar;C:\Users\BerkOffline\.m2\repository\javax\activation\javax.activation-api\1.2.0\javax.activation-api-1.2.0.jar;C:\Users\BerkOffline\.m2\repository\com\atlassian\plugins\rest\atlassian-rest-common\1.0.2\atlassian-rest-common-1.0.2.jar;C:\Users\BerkOffline\.m2\repository\com\sun\jersey\jersey-core\1.19.4\jersey-core-1.19.4.jar;C:\Users\BerkOffline\.m2\repository\com\sun\jersey\jersey-server\1.19.4\jersey-server-1.19.4.jar;C:\Users\BerkOffline\.m2\repository\org\ow2\asm\asm\5.0.3\asm-5.0.3.jar;C:\Users\BerkOffline\.m2\repository\com\sun\jersey\jersey-servlet\1.19.4\jersey-servlet-1.19.4.jar;C:\Users\BerkOffline\.m2\repository\com\sun\jersey\jersey-client\1.19.4\jersey-client-1.19.4.jar;C:\Users\BerkOffline\.m2\repository\com\sun\jersey\jersey-json\1.19.4\jersey-json-1.19.4.jar;C:\Users\BerkOffline\.m2\repository\org\codehaus\jettison\jettison\1.1\jettison-1.1.jar;C:\Users\BerkOffline\.m2\repository\org\codehaus\jackson\jackson-core-asl\1.9.13-atlassian-3\jackson-core-asl-1.9.13-atlassian-3.jar;C:\Users\BerkOffline\.m2\repository\org\codehaus\jackson\jackson-mapper-asl\1.9.13-atlassian-3\jackson-mapper-asl-1.9.13-atlassian-3.jar;C:\Users\BerkOffline\.m2\repository\org\codehaus\jackson\jackson-jaxrs\1.9.13-atlassian-3\jackson-jaxrs-1.9.13-atlassian-3.jar;C:\Users\BerkOffline\.m2\repository\org\codehaus\jackson\jackson-xc\1.9.13-atlassian-3\jackson-xc-1.9.13-atlassian-3.jar;C:\Users\BerkOffline\.m2\repository\commons-fileupload\commons-fileupload\1.3.3\commons-fileupload-1.3.3.jar;C:\Users\BerkOffline\.m2\repository\net\sourceforge\findbugs\jsr305\1.3.2\jsr305-1.3.2.jar;C:\Users\BerkOffline\.m2\repository\org\apache\wink\wink-client\1.4\wink-client-1.4.jar;C:\Users\BerkOffline\.m2\repository\org\apache\wink\wink-common\1.4\wink-common-1.4.jar;C:\Users\BerkOffline\.m2\repository\org\apache\geronimo\specs\geronimo-jaxrs_1.1_spec\1.0\geronimo-jaxrs_1.1_spec-1.0.jar;C:\Users\BerkOffline\.m2\repository\org\apache\geronimo\specs\geronimo-annotation_1.1_spec\1.0\geronimo-annotation_1.1_spec-1.0.jar;C:\Users\BerkOffline\.m2\repository\com\sun\xml\bind\jaxb-impl\2.2.1.1\jaxb-impl-2.2.1.1.jar;C:\Users\BerkOffline\.m2\repository\javax\activation\activation\1.1\activation-1.1.jar;C:\Users\BerkOffline\.m2\repository\org\mockito\mockito-all\1.8.5\mockito-all-1.8.5.jar;"/>
    <property name="sun.cpu.endian" value="little"/>
    <property name="user.home" value="C:\Users\BerkOffline"/>
    <property name="user.language" value="en"/>
    <property name="java.specification.vendor" value="Oracle Corporation"/>
    <property name="java.version.date" value="2020-04-14"/>
    <property name="java.home" value="C:\Program Files\AdoptOpenJDK\jdk-11.0.7.10-hotspot"/>
    <property name="file.separator" value="\"/>
    <property name="basedir" value="C:\Users\BerkOffline\IdeaProjects\refapp\intern"/>
    <property name="java.vm.compressedOopsMode" value="Zero based"/>
    <property name="line.separator" value="&#10;"/>
    <property name="java.specification.name" value="Java Platform API Specification"/>
    <property name="java.vm.specification.vendor" value="Oracle Corporation"/>
    <property name="java.awt.graphicsenv" value="sun.awt.Win32GraphicsEnvironment"/>
    <property name="surefire.real.class.path" value="C:\Users\BERKOF~1\AppData\Local\Temp\surefire13382950214356471837\surefirebooter539121243480403529.jar"/>
    <property name="user.script" value=""/>
    <property name="sun.management.compiler" value="HotSpot 64-Bit Tiered Compilers"/>
    <property name="java.runtime.version" value="11.0.7+10"/>
    <property name="user.name" value="BerkOffline"/>
    <property name="path.separator" value=";"/>
    <property name="os.version" value="10.0"/>
    <property name="java.runtime.name" value="OpenJDK Runtime Environment"/>
    <property name="file.encoding" value="Cp1252"/>
    <property name="java.vm.name" value="OpenJDK 64-Bit Server VM"/>
    <property name="java.vendor.version" value="AdoptOpenJDK"/>
    <property name="localRepository" value="C:\Users\BerkOffline\.m2\repository"/>
    <property name="java.vendor.url.bug" value="https://github.com/AdoptOpenJDK/openjdk-support/issues"/>
    <property name="java.io.tmpdir" value="C:\Users\BERKOF~1\AppData\Local\Temp\"/>
    <property name="java.version" value="11.0.7"/>
    <property name="user.dir" value="C:\Users\BerkOffline\IdeaProjects\refapp\intern"/>
    <property name="os.arch" value="amd64"/>
    <property name="java.vm.specification.name" value="Java Virtual Machine Specification"/>
    <property name="java.awt.printerjob" value="sun.awt.windows.WPrinterJob"/>
    <property name="sun.os.patch.level" value=""/>
    <property name="java.library.path" value="C:\Program Files\AdoptOpenJDK\jdk-11.0.7.10-hotspot\bin;C:\WINDOWS\Sun\Java\bin;C:\WINDOWS\system32;C:\WINDOWS;C:\Program Files (x86)\VMware\VMware Player\bin\;C:\Program Files\AdoptOpenJDK\jdk-11.0.7.10-hotspot\bin;C:\Windows\system32;C:\Windows;C:\Windows\System32\Wbem;C:\Windows\System32\WindowsPowerShell\v1.0\;C:\Windows\System32\OpenSSH\;C:\Program Files (x86)\NVIDIA Corporation\PhysX\Common;C:\Program Files\dotnet\;C:\Program Files\Microsoft VS Code\bin;C:\WINDOWS\system32;C:\WINDOWS;C:\WINDOWS\System32\Wbem;C:\WINDOWS\System32\WindowsPowerShell\v1.0\;C:\WINDOWS\System32\OpenSSH\;C:\Program Files\Git\cmd;C:\Program Files\Git;C:\Program Files (x86)\Groovy\bin;C:\Program Files\OpenSSL-Win32;C:\Program Files (x86)\Pulse Secure\VC142.CRT\X64\;C:\Program Files (x86)\Pulse Secure\VC142.CRT\X86\;C:\Users\BerkOffline\AppData\Local\Programs\Python\Python38-32\Scripts\;C:\Users\BerkOffline\AppData\Local\Programs\Python\Python38-32\;C:\Users\BerkOffline\AppData\Local\Microsoft\WindowsApps;;C:\Program Files\JetBrains\IntelliJ IDEA 2020.1.1\bin;;C:\Applications\Atlassian\atlassian-plugin-sdk-8.0.16\bin;C:\Program Files (x86)\Sophos\Sophos SSL VPN Client\bin;."/>
    <property name="java.vendor" value="AdoptOpenJDK"/>
    <property name="java.vm.info" value="mixed mode"/>
    <property name="java.vm.version" value="11.0.7+10"/>
    <property name="sun.io.unicode.encoding" value="UnicodeLittle"/>
    <property name="java.class.version" value="55.0"/>
  </properties>
  <testcase name="testMyName" classname="ut.com.veniture.plugins.tutorial.MyComponentUnitTest" time="0.015"/>
</testsuite>